version: (200506)

available memory: 64M bytes
used memory: 286720 bytes [need 280K bytes if disable swap]

used block: 7 [memory(7) file(0)]
                 [ 8K(3) 64K(4) { total 280K bytes } ]
overhead: (9522) bytes for (7) blocks [Average: (1360) bytes/block]

write  => 0(times) 0K(bytes) [0K bytes to file]
read   => 4(times) 14K(bytes) [3K bytes compressed data from file]
access => 551530(times) 4317M(bytes)
          [hit ratio: 99.9993%]

time: write(0) read(0)  unit: second

swap file directory: (/home/qidc/Nutstore/Project/gysc/pi/pi_ctrl_top/QA_DIR/verdiLog)
used swap file number: (5)



swap file manager:
arrSize: (256)
idxCnt: (6)
closeHead: (1)
closeTail: (5)
openCnt: (5)
fid(5): fd(1073741827) fileName(/home/qidc/Nutstore/Project/gysc/pi/pi_ctrl_top/QA_DIR/simv.daidir/kdb.elab++/work.lib++/pi_ctrl.v.tdc)
	size(2074) lastModTime(1731038859) curModTime(1731038859)
	mode(rb)	hot(0) cool(4) pos(0)
fid(4): fd(1073741826) fileName(/home/qidc/Nutstore/Project/gysc/pi/pi_ctrl_top/QA_DIR/simv.daidir/kdb.elab++/work.lib++/feedback.v.tdc)
	size(1481) lastModTime(1731038859) curModTime(1731038859)
	mode(rb)	hot(5) cool(3) pos(0)
fid(3): fd(1073741825) fileName(/home/qidc/Nutstore/Project/gysc/pi/pi_ctrl_top/QA_DIR/simv.daidir/kdb.elab++/work.lib++/pi_ctrl_top.v.tdc)
	size(1577) lastModTime(1731038859) curModTime(1731038859)
	mode(rb)	hot(4) cool(2) pos(0)
fid(2): fd(29) fileName(/home/qidc/Nutstore/Project/gysc/pi/pi_ctrl_top/QA_DIR/verdiLog/_swap_0001#1757367822#348658)
	size(0) lastModTime(0) curModTime(1731038865)
	mode(w+b)	hot(3) cool(1) pos(0)
fid(1): fd(1073741824) fileName(/home/qidc/Nutstore/Project/gysc/pi/pi_ctrl_top/QA_DIR/simv.daidir/kdb.elab++/work.lib++/pi_ctrl_top_tb.v.tdc)
	size(1937) lastModTime(1731038859) curModTime(1731038859)
	mode(rb)	hot(2) cool(0) pos(0)
fid(0): fd(0) fileName(NULL)
	mode(NULL)	hot(0) cool(0) pos(0)
==================================================
mySelf(1460a6a0) pre(12d9d690) next(0)
version(200506)
date(Feb 11 2019 22:10:27)
